<?xml version="1.0" encoding="UTF-8"?>
<!-- Generated by org.testng.reporters.JUnitReportReporter -->
<testsuite skipped="0" hostname="DESKTOP-P20C76C" name="org.KDD.TestCase.Runner" tests="2" failures="0" timestamp="01 May 2020 08:00:06 GMT" time="84.954" errors="0">
  <testcase name="runner" time="23.945" classname="org.KDD.TestCase.Runner"/>
  <testcase name="runner1" time="61.009" classname="org.KDD.TestCase.Runner"/>
</testsuite> <!-- org.KDD.TestCase.Runner -->
