<?xml version="1.0" encoding="UTF-8"?>
<!-- Generated by org.testng.reporters.JUnitReportReporter -->
<testsuite skipped="0" hostname="DESKTOP-P20C76C" name="org.KDD.TestCase.Runner" tests="1" failures="0" timestamp="01 May 2020 06:29:01 GMT" time="81.840" errors="0">
  <testcase name="runner" time="81.840" classname="org.KDD.TestCase.Runner"/>
</testsuite> <!-- org.KDD.TestCase.Runner -->
